2022-04-24 22:09:28|INFO ||||c.r.t.TollCalculatorApplication|Starting TollCalculatorApplication using Java 17.0.2 on Rohith with PID 8288 (C:\Users\Rohith\eclipse-workspace\toll-calculator\target\classes started by Rohith in C:\Users\Rohith\eclipse-workspace\toll-calculator)
2022-04-24 22:09:28|INFO ||||c.r.t.TollCalculatorApplication|No active profile set, falling back to 1 default profile: "default"
2022-04-24 22:09:29|INFO ||||o.s.d.r.c.RepositoryConfigurationDelegate|Bootstrapping Spring Data JPA repositories in DEFAULT mode.
2022-04-24 22:09:29|INFO ||||o.s.d.r.c.RepositoryConfigurationDelegate|Finished Spring Data repository scanning in 41 ms. Found 3 JPA repository interfaces.
2022-04-24 22:09:29|INFO ||||o.s.b.w.e.tomcat.TomcatWebServer|Tomcat initialized with port(s): 8080 (http)
2022-04-24 22:09:30|INFO ||||o.a.coyote.http11.Http11NioProtocol|Initializing ProtocolHandler ["http-nio-8080"]
2022-04-24 22:09:30|INFO ||||o.a.catalina.core.StandardService|Starting service [Tomcat]
2022-04-24 22:09:30|INFO ||||o.a.catalina.core.StandardEngine|Starting Servlet engine: [Apache Tomcat/9.0.58]
2022-04-24 22:09:30|INFO ||||o.a.c.c.C.[Tomcat].[localhost].[/]|Initializing Spring embedded WebApplicationContext
2022-04-24 22:09:30|INFO ||||o.s.b.w.s.c.ServletWebServerApplicationContext|Root WebApplicationContext: initialization completed in 1635 ms
2022-04-24 22:09:30|INFO ||||com.zaxxer.hikari.HikariDataSource|HikariPool-1 - Starting...
2022-04-24 22:09:31|INFO ||||com.zaxxer.hikari.HikariDataSource|HikariPool-1 - Start completed.
2022-04-24 22:09:31|INFO ||||o.h.jpa.internal.util.LogHelper|HHH000204: Processing PersistenceUnitInfo [name: default]
2022-04-24 22:09:31|INFO ||||org.hibernate.Version|HHH000412: Hibernate ORM core version 5.6.5.Final
2022-04-24 22:09:31|INFO ||||o.h.annotations.common.Version|HCANN000001: Hibernate Commons Annotations {5.1.2.Final}
2022-04-24 22:09:31|INFO ||||org.hibernate.dialect.Dialect|HHH000400: Using dialect: org.hibernate.dialect.MySQL5Dialect
2022-04-24 22:09:32|INFO ||||o.h.e.t.j.p.i.JtaPlatformInitiator|HHH000490: Using JtaPlatform implementation: [org.hibernate.engine.transaction.jta.platform.internal.NoJtaPlatform]
2022-04-24 22:09:32|INFO ||||o.s.o.j.LocalContainerEntityManagerFactoryBean|Initialized JPA EntityManagerFactory for persistence unit 'default'
2022-04-24 22:09:32|WARN ||||o.s.b.a.o.j.JpaBaseConfiguration$JpaWebConfiguration|spring.jpa.open-in-view is enabled by default. Therefore, database queries may be performed during view rendering. Explicitly configure spring.jpa.open-in-view to disable this warning
2022-04-24 22:09:33|WARN ||||o.s.b.w.s.c.AnnotationConfigServletWebServerApplicationContext|Exception encountered during context initialization - cancelling refresh attempt: org.springframework.beans.factory.UnsatisfiedDependencyException: Error creating bean with name 'linkDiscoverers' defined in class path resource [org/springframework/hateoas/config/HateoasConfiguration.class]: Unsatisfied dependency expressed through method 'linkDiscoverers' parameter 0; nested exception is org.springframework.beans.factory.NoUniqueBeanDefinitionException: No qualifying bean of type 'org.springframework.plugin.core.PluginRegistry<org.springframework.hateoas.client.LinkDiscoverer, org.springframework.http.MediaType>' available: expected single matching bean but found 3: relProviderPluginRegistry,linkDiscovererRegistry,entityLinksPluginRegistry
2022-04-24 22:09:33|INFO ||||o.s.o.j.LocalContainerEntityManagerFactoryBean|Closing JPA EntityManagerFactory for persistence unit 'default'
2022-04-24 22:09:33|INFO ||||com.zaxxer.hikari.HikariDataSource|HikariPool-1 - Shutdown initiated...
2022-04-24 22:09:33|INFO ||||com.zaxxer.hikari.HikariDataSource|HikariPool-1 - Shutdown completed.
2022-04-24 22:09:33|INFO ||||o.a.catalina.core.StandardService|Stopping service [Tomcat]
2022-04-24 22:09:33|INFO ||||o.s.b.a.l.ConditionEvaluationReportLoggingListener|

Error starting ApplicationContext. To display the conditions report re-run your application with 'debug' enabled.
2022-04-24 22:09:33|ERROR||||o.s.b.d.LoggingFailureAnalysisReporter|

***************************
APPLICATION FAILED TO START
***************************

Description:

Parameter 0 of method linkDiscoverers in org.springframework.hateoas.config.HateoasConfiguration required a single bean, but 3 were found:
	- relProviderPluginRegistry: defined by method 'relProviderPluginRegistry' in class path resource [org/springframework/hateoas/config/HateoasConfiguration.class]
	- linkDiscovererRegistry: defined in null
	- entityLinksPluginRegistry: defined by method 'entityLinksPluginRegistry' in class path resource [org/springframework/hateoas/config/WebMvcEntityLinksConfiguration.class]


Action:

Consider marking one of the beans as @Primary, updating the consumer to accept multiple beans, or using @Qualifier to identify the bean that should be consumed

2022-04-24 22:10:53|INFO ||||c.r.t.TollCalculatorApplication|Starting TollCalculatorApplication using Java 17.0.2 on Rohith with PID 11436 (C:\Users\Rohith\eclipse-workspace\toll-calculator\target\classes started by Rohith in C:\Users\Rohith\eclipse-workspace\toll-calculator)
2022-04-24 22:10:53|INFO ||||c.r.t.TollCalculatorApplication|No active profile set, falling back to 1 default profile: "default"
2022-04-24 22:10:54|INFO ||||o.s.d.r.c.RepositoryConfigurationDelegate|Bootstrapping Spring Data JPA repositories in DEFAULT mode.
2022-04-24 22:10:54|INFO ||||o.s.d.r.c.RepositoryConfigurationDelegate|Finished Spring Data repository scanning in 39 ms. Found 3 JPA repository interfaces.
2022-04-24 22:10:55|INFO ||||o.s.b.w.e.tomcat.TomcatWebServer|Tomcat initialized with port(s): 8080 (http)
2022-04-24 22:10:55|INFO ||||o.a.coyote.http11.Http11NioProtocol|Initializing ProtocolHandler ["http-nio-8080"]
2022-04-24 22:10:55|INFO ||||o.a.catalina.core.StandardService|Starting service [Tomcat]
2022-04-24 22:10:55|INFO ||||o.a.catalina.core.StandardEngine|Starting Servlet engine: [Apache Tomcat/9.0.58]
2022-04-24 22:10:55|INFO ||||o.a.c.c.C.[Tomcat].[localhost].[/]|Initializing Spring embedded WebApplicationContext
2022-04-24 22:10:55|INFO ||||o.s.b.w.s.c.ServletWebServerApplicationContext|Root WebApplicationContext: initialization completed in 1412 ms
2022-04-24 22:10:55|INFO ||||com.zaxxer.hikari.HikariDataSource|HikariPool-1 - Starting...
2022-04-24 22:10:55|INFO ||||com.zaxxer.hikari.HikariDataSource|HikariPool-1 - Start completed.
2022-04-24 22:10:55|INFO ||||o.h.jpa.internal.util.LogHelper|HHH000204: Processing PersistenceUnitInfo [name: default]
2022-04-24 22:10:55|INFO ||||org.hibernate.Version|HHH000412: Hibernate ORM core version 5.6.5.Final
2022-04-24 22:10:55|INFO ||||o.h.annotations.common.Version|HCANN000001: Hibernate Commons Annotations {5.1.2.Final}
2022-04-24 22:10:55|INFO ||||org.hibernate.dialect.Dialect|HHH000400: Using dialect: org.hibernate.dialect.MySQL5Dialect
2022-04-24 22:10:56|INFO ||||o.h.e.t.j.p.i.JtaPlatformInitiator|HHH000490: Using JtaPlatform implementation: [org.hibernate.engine.transaction.jta.platform.internal.NoJtaPlatform]
2022-04-24 22:10:56|INFO ||||o.s.o.j.LocalContainerEntityManagerFactoryBean|Initialized JPA EntityManagerFactory for persistence unit 'default'
2022-04-24 22:10:56|WARN ||||o.s.b.a.o.j.JpaBaseConfiguration$JpaWebConfiguration|spring.jpa.open-in-view is enabled by default. Therefore, database queries may be performed during view rendering. Explicitly configure spring.jpa.open-in-view to disable this warning
2022-04-24 22:10:57|WARN ||||o.s.b.w.s.c.AnnotationConfigServletWebServerApplicationContext|Exception encountered during context initialization - cancelling refresh attempt: org.springframework.beans.factory.UnsatisfiedDependencyException: Error creating bean with name 'linkDiscoverers' defined in class path resource [org/springframework/hateoas/config/HateoasConfiguration.class]: Unsatisfied dependency expressed through method 'linkDiscoverers' parameter 0; nested exception is org.springframework.beans.factory.NoUniqueBeanDefinitionException: No qualifying bean of type 'org.springframework.plugin.core.PluginRegistry<org.springframework.hateoas.client.LinkDiscoverer, org.springframework.http.MediaType>' available: expected single matching bean but found 3: relProviderPluginRegistry,linkDiscovererRegistry,entityLinksPluginRegistry
2022-04-24 22:10:57|INFO ||||o.s.o.j.LocalContainerEntityManagerFactoryBean|Closing JPA EntityManagerFactory for persistence unit 'default'
2022-04-24 22:10:57|INFO ||||com.zaxxer.hikari.HikariDataSource|HikariPool-1 - Shutdown initiated...
2022-04-24 22:10:57|INFO ||||com.zaxxer.hikari.HikariDataSource|HikariPool-1 - Shutdown completed.
2022-04-24 22:10:57|INFO ||||o.a.catalina.core.StandardService|Stopping service [Tomcat]
2022-04-24 22:10:57|INFO ||||o.s.b.a.l.ConditionEvaluationReportLoggingListener|

Error starting ApplicationContext. To display the conditions report re-run your application with 'debug' enabled.
2022-04-24 22:10:57|ERROR||||o.s.b.d.LoggingFailureAnalysisReporter|

***************************
APPLICATION FAILED TO START
***************************

Description:

Parameter 0 of method linkDiscoverers in org.springframework.hateoas.config.HateoasConfiguration required a single bean, but 3 were found:
	- relProviderPluginRegistry: defined by method 'relProviderPluginRegistry' in class path resource [org/springframework/hateoas/config/HateoasConfiguration.class]
	- linkDiscovererRegistry: defined in null
	- entityLinksPluginRegistry: defined by method 'entityLinksPluginRegistry' in class path resource [org/springframework/hateoas/config/WebMvcEntityLinksConfiguration.class]


Action:

Consider marking one of the beans as @Primary, updating the consumer to accept multiple beans, or using @Qualifier to identify the bean that should be consumed

2022-04-24 22:11:28|INFO ||||c.r.t.TollCalculatorApplication|Starting TollCalculatorApplication using Java 17.0.2 on Rohith with PID 7268 (C:\Users\Rohith\eclipse-workspace\toll-calculator\target\classes started by Rohith in C:\Users\Rohith\eclipse-workspace\toll-calculator)
2022-04-24 22:11:28|INFO ||||c.r.t.TollCalculatorApplication|No active profile set, falling back to 1 default profile: "default"
2022-04-24 22:11:28|INFO ||||o.s.d.r.c.RepositoryConfigurationDelegate|Bootstrapping Spring Data JPA repositories in DEFAULT mode.
2022-04-24 22:11:28|INFO ||||o.s.d.r.c.RepositoryConfigurationDelegate|Finished Spring Data repository scanning in 53 ms. Found 3 JPA repository interfaces.
2022-04-24 22:11:29|INFO ||||o.s.b.w.e.tomcat.TomcatWebServer|Tomcat initialized with port(s): 8080 (http)
2022-04-24 22:11:29|INFO ||||o.a.coyote.http11.Http11NioProtocol|Initializing ProtocolHandler ["http-nio-8080"]
2022-04-24 22:11:29|INFO ||||o.a.catalina.core.StandardService|Starting service [Tomcat]
2022-04-24 22:11:29|INFO ||||o.a.catalina.core.StandardEngine|Starting Servlet engine: [Apache Tomcat/9.0.58]
2022-04-24 22:11:29|INFO ||||o.a.c.c.C.[Tomcat].[localhost].[/]|Initializing Spring embedded WebApplicationContext
2022-04-24 22:11:29|INFO ||||o.s.b.w.s.c.ServletWebServerApplicationContext|Root WebApplicationContext: initialization completed in 1615 ms
2022-04-24 22:11:30|INFO ||||com.zaxxer.hikari.HikariDataSource|HikariPool-1 - Starting...
2022-04-24 22:11:30|INFO ||||com.zaxxer.hikari.HikariDataSource|HikariPool-1 - Start completed.
2022-04-24 22:11:30|INFO ||||o.h.jpa.internal.util.LogHelper|HHH000204: Processing PersistenceUnitInfo [name: default]
2022-04-24 22:11:30|INFO ||||org.hibernate.Version|HHH000412: Hibernate ORM core version 5.6.5.Final
2022-04-24 22:11:30|INFO ||||o.h.annotations.common.Version|HCANN000001: Hibernate Commons Annotations {5.1.2.Final}
2022-04-24 22:11:30|INFO ||||org.hibernate.dialect.Dialect|HHH000400: Using dialect: org.hibernate.dialect.MySQL5Dialect
2022-04-24 22:11:31|INFO ||||o.h.e.t.j.p.i.JtaPlatformInitiator|HHH000490: Using JtaPlatform implementation: [org.hibernate.engine.transaction.jta.platform.internal.NoJtaPlatform]
2022-04-24 22:11:31|INFO ||||o.s.o.j.LocalContainerEntityManagerFactoryBean|Initialized JPA EntityManagerFactory for persistence unit 'default'
2022-04-24 22:11:31|WARN ||||o.s.b.a.o.j.JpaBaseConfiguration$JpaWebConfiguration|spring.jpa.open-in-view is enabled by default. Therefore, database queries may be performed during view rendering. Explicitly configure spring.jpa.open-in-view to disable this warning
2022-04-24 22:11:32|WARN ||||o.s.b.w.s.c.AnnotationConfigServletWebServerApplicationContext|Exception encountered during context initialization - cancelling refresh attempt: org.springframework.beans.factory.UnsatisfiedDependencyException: Error creating bean with name 'linkDiscoverers' defined in class path resource [org/springframework/hateoas/config/HateoasConfiguration.class]: Unsatisfied dependency expressed through method 'linkDiscoverers' parameter 0; nested exception is org.springframework.beans.factory.NoUniqueBeanDefinitionException: No qualifying bean of type 'org.springframework.plugin.core.PluginRegistry<org.springframework.hateoas.client.LinkDiscoverer, org.springframework.http.MediaType>' available: expected single matching bean but found 3: relProviderPluginRegistry,linkDiscovererRegistry,entityLinksPluginRegistry
2022-04-24 22:11:32|INFO ||||o.s.o.j.LocalContainerEntityManagerFactoryBean|Closing JPA EntityManagerFactory for persistence unit 'default'
2022-04-24 22:11:32|INFO ||||com.zaxxer.hikari.HikariDataSource|HikariPool-1 - Shutdown initiated...
2022-04-24 22:11:32|INFO ||||com.zaxxer.hikari.HikariDataSource|HikariPool-1 - Shutdown completed.
2022-04-24 22:11:32|INFO ||||o.a.catalina.core.StandardService|Stopping service [Tomcat]
2022-04-24 22:11:32|INFO ||||o.s.b.a.l.ConditionEvaluationReportLoggingListener|

Error starting ApplicationContext. To display the conditions report re-run your application with 'debug' enabled.
2022-04-24 22:11:32|ERROR||||o.s.b.d.LoggingFailureAnalysisReporter|

***************************
APPLICATION FAILED TO START
***************************

Description:

Parameter 0 of method linkDiscoverers in org.springframework.hateoas.config.HateoasConfiguration required a single bean, but 3 were found:
	- relProviderPluginRegistry: defined by method 'relProviderPluginRegistry' in class path resource [org/springframework/hateoas/config/HateoasConfiguration.class]
	- linkDiscovererRegistry: defined in null
	- entityLinksPluginRegistry: defined by method 'entityLinksPluginRegistry' in class path resource [org/springframework/hateoas/config/WebMvcEntityLinksConfiguration.class]


Action:

Consider marking one of the beans as @Primary, updating the consumer to accept multiple beans, or using @Qualifier to identify the bean that should be consumed

2022-04-24 22:12:43|INFO ||||c.r.t.TollCalculatorApplication|Starting TollCalculatorApplication using Java 17.0.2 on Rohith with PID 5852 (C:\Users\Rohith\eclipse-workspace\toll-calculator\target\classes started by Rohith in C:\Users\Rohith\eclipse-workspace\toll-calculator)
2022-04-24 22:12:43|INFO ||||c.r.t.TollCalculatorApplication|No active profile set, falling back to 1 default profile: "default"
2022-04-24 22:12:44|INFO ||||o.s.d.r.c.RepositoryConfigurationDelegate|Bootstrapping Spring Data JPA repositories in DEFAULT mode.
2022-04-24 22:12:44|INFO ||||o.s.d.r.c.RepositoryConfigurationDelegate|Finished Spring Data repository scanning in 45 ms. Found 3 JPA repository interfaces.
2022-04-24 22:12:44|INFO ||||o.s.b.w.e.tomcat.TomcatWebServer|Tomcat initialized with port(s): 8080 (http)
2022-04-24 22:12:44|INFO ||||o.a.coyote.http11.Http11NioProtocol|Initializing ProtocolHandler ["http-nio-8080"]
2022-04-24 22:12:44|INFO ||||o.a.catalina.core.StandardService|Starting service [Tomcat]
2022-04-24 22:12:44|INFO ||||o.a.catalina.core.StandardEngine|Starting Servlet engine: [Apache Tomcat/9.0.58]
2022-04-24 22:12:44|INFO ||||o.a.c.c.C.[Tomcat].[localhost].[/]|Initializing Spring embedded WebApplicationContext
2022-04-24 22:12:44|INFO ||||o.s.b.w.s.c.ServletWebServerApplicationContext|Root WebApplicationContext: initialization completed in 1432 ms
2022-04-24 22:12:45|INFO ||||com.zaxxer.hikari.HikariDataSource|HikariPool-1 - Starting...
2022-04-24 22:12:45|INFO ||||com.zaxxer.hikari.HikariDataSource|HikariPool-1 - Start completed.
2022-04-24 22:12:45|INFO ||||o.h.jpa.internal.util.LogHelper|HHH000204: Processing PersistenceUnitInfo [name: default]
2022-04-24 22:12:45|INFO ||||org.hibernate.Version|HHH000412: Hibernate ORM core version 5.6.5.Final
2022-04-24 22:12:45|INFO ||||o.h.annotations.common.Version|HCANN000001: Hibernate Commons Annotations {5.1.2.Final}
2022-04-24 22:12:45|INFO ||||org.hibernate.dialect.Dialect|HHH000400: Using dialect: org.hibernate.dialect.MySQL5Dialect
2022-04-24 22:12:46|INFO ||||o.h.e.t.j.p.i.JtaPlatformInitiator|HHH000490: Using JtaPlatform implementation: [org.hibernate.engine.transaction.jta.platform.internal.NoJtaPlatform]
2022-04-24 22:12:46|INFO ||||o.s.o.j.LocalContainerEntityManagerFactoryBean|Initialized JPA EntityManagerFactory for persistence unit 'default'
2022-04-24 22:12:46|WARN ||||o.s.b.a.o.j.JpaBaseConfiguration$JpaWebConfiguration|spring.jpa.open-in-view is enabled by default. Therefore, database queries may be performed during view rendering. Explicitly configure spring.jpa.open-in-view to disable this warning
2022-04-24 22:12:47|WARN ||||o.s.b.w.s.c.AnnotationConfigServletWebServerApplicationContext|Exception encountered during context initialization - cancelling refresh attempt: org.springframework.beans.factory.UnsatisfiedDependencyException: Error creating bean with name 'linkDiscoverers' defined in class path resource [org/springframework/hateoas/config/HateoasConfiguration.class]: Unsatisfied dependency expressed through method 'linkDiscoverers' parameter 0; nested exception is org.springframework.beans.factory.NoUniqueBeanDefinitionException: No qualifying bean of type 'org.springframework.plugin.core.PluginRegistry<org.springframework.hateoas.client.LinkDiscoverer, org.springframework.http.MediaType>' available: expected single matching bean but found 3: relProviderPluginRegistry,linkDiscovererRegistry,entityLinksPluginRegistry
2022-04-24 22:12:47|INFO ||||o.s.o.j.LocalContainerEntityManagerFactoryBean|Closing JPA EntityManagerFactory for persistence unit 'default'
2022-04-24 22:12:47|INFO ||||com.zaxxer.hikari.HikariDataSource|HikariPool-1 - Shutdown initiated...
2022-04-24 22:12:47|INFO ||||com.zaxxer.hikari.HikariDataSource|HikariPool-1 - Shutdown completed.
2022-04-24 22:12:47|INFO ||||o.a.catalina.core.StandardService|Stopping service [Tomcat]
2022-04-24 22:12:47|INFO ||||o.s.b.a.l.ConditionEvaluationReportLoggingListener|

Error starting ApplicationContext. To display the conditions report re-run your application with 'debug' enabled.
2022-04-24 22:12:47|ERROR||||o.s.b.d.LoggingFailureAnalysisReporter|

***************************
APPLICATION FAILED TO START
***************************

Description:

Parameter 0 of method linkDiscoverers in org.springframework.hateoas.config.HateoasConfiguration required a single bean, but 3 were found:
	- relProviderPluginRegistry: defined by method 'relProviderPluginRegistry' in class path resource [org/springframework/hateoas/config/HateoasConfiguration.class]
	- linkDiscovererRegistry: defined in null
	- entityLinksPluginRegistry: defined by method 'entityLinksPluginRegistry' in class path resource [org/springframework/hateoas/config/WebMvcEntityLinksConfiguration.class]


Action:

Consider marking one of the beans as @Primary, updating the consumer to accept multiple beans, or using @Qualifier to identify the bean that should be consumed

2022-04-24 22:13:20|INFO ||||c.r.t.TollCalculatorApplication|Starting TollCalculatorApplication using Java 17.0.2 on Rohith with PID 9756 (C:\Users\Rohith\eclipse-workspace\toll-calculator\target\classes started by Rohith in C:\Users\Rohith\eclipse-workspace\toll-calculator)
2022-04-24 22:13:20|INFO ||||c.r.t.TollCalculatorApplication|No active profile set, falling back to 1 default profile: "default"
2022-04-24 22:13:21|INFO ||||o.s.d.r.c.RepositoryConfigurationDelegate|Bootstrapping Spring Data JPA repositories in DEFAULT mode.
2022-04-24 22:13:21|INFO ||||o.s.d.r.c.RepositoryConfigurationDelegate|Finished Spring Data repository scanning in 57 ms. Found 3 JPA repository interfaces.
2022-04-24 22:13:22|INFO ||||o.s.b.w.e.tomcat.TomcatWebServer|Tomcat initialized with port(s): 8080 (http)
2022-04-24 22:13:22|INFO ||||o.a.coyote.http11.Http11NioProtocol|Initializing ProtocolHandler ["http-nio-8080"]
2022-04-24 22:13:22|INFO ||||o.a.catalina.core.StandardService|Starting service [Tomcat]
2022-04-24 22:13:22|INFO ||||o.a.catalina.core.StandardEngine|Starting Servlet engine: [Apache Tomcat/9.0.58]
2022-04-24 22:13:22|INFO ||||o.a.c.c.C.[Tomcat].[localhost].[/]|Initializing Spring embedded WebApplicationContext
2022-04-24 22:13:22|INFO ||||o.s.b.w.s.c.ServletWebServerApplicationContext|Root WebApplicationContext: initialization completed in 1779 ms
2022-04-24 22:13:22|INFO ||||com.zaxxer.hikari.HikariDataSource|HikariPool-1 - Starting...
2022-04-24 22:13:22|INFO ||||com.zaxxer.hikari.HikariDataSource|HikariPool-1 - Start completed.
2022-04-24 22:13:22|INFO ||||o.h.jpa.internal.util.LogHelper|HHH000204: Processing PersistenceUnitInfo [name: default]
2022-04-24 22:13:22|INFO ||||org.hibernate.Version|HHH000412: Hibernate ORM core version 5.6.5.Final
2022-04-24 22:13:23|INFO ||||o.h.annotations.common.Version|HCANN000001: Hibernate Commons Annotations {5.1.2.Final}
2022-04-24 22:13:23|INFO ||||org.hibernate.dialect.Dialect|HHH000400: Using dialect: org.hibernate.dialect.MySQL5Dialect
2022-04-24 22:13:23|INFO ||||o.h.e.t.j.p.i.JtaPlatformInitiator|HHH000490: Using JtaPlatform implementation: [org.hibernate.engine.transaction.jta.platform.internal.NoJtaPlatform]
2022-04-24 22:13:23|INFO ||||o.s.o.j.LocalContainerEntityManagerFactoryBean|Initialized JPA EntityManagerFactory for persistence unit 'default'
2022-04-24 22:13:24|WARN ||||o.s.b.a.o.j.JpaBaseConfiguration$JpaWebConfiguration|spring.jpa.open-in-view is enabled by default. Therefore, database queries may be performed during view rendering. Explicitly configure spring.jpa.open-in-view to disable this warning
2022-04-24 22:13:25|WARN ||||o.s.b.w.s.c.AnnotationConfigServletWebServerApplicationContext|Exception encountered during context initialization - cancelling refresh attempt: org.springframework.beans.factory.UnsatisfiedDependencyException: Error creating bean with name 'linkDiscoverers' defined in class path resource [org/springframework/hateoas/config/HateoasConfiguration.class]: Unsatisfied dependency expressed through method 'linkDiscoverers' parameter 0; nested exception is org.springframework.beans.factory.NoUniqueBeanDefinitionException: No qualifying bean of type 'org.springframework.plugin.core.PluginRegistry<org.springframework.hateoas.client.LinkDiscoverer, org.springframework.http.MediaType>' available: expected single matching bean but found 3: relProviderPluginRegistry,linkDiscovererRegistry,entityLinksPluginRegistry
2022-04-24 22:13:25|INFO ||||o.s.o.j.LocalContainerEntityManagerFactoryBean|Closing JPA EntityManagerFactory for persistence unit 'default'
2022-04-24 22:13:25|INFO ||||com.zaxxer.hikari.HikariDataSource|HikariPool-1 - Shutdown initiated...
2022-04-24 22:13:25|INFO ||||com.zaxxer.hikari.HikariDataSource|HikariPool-1 - Shutdown completed.
2022-04-24 22:13:25|INFO ||||o.a.catalina.core.StandardService|Stopping service [Tomcat]
2022-04-24 22:13:25|INFO ||||o.s.b.a.l.ConditionEvaluationReportLoggingListener|

Error starting ApplicationContext. To display the conditions report re-run your application with 'debug' enabled.
2022-04-24 22:13:25|ERROR||||o.s.b.d.LoggingFailureAnalysisReporter|

***************************
APPLICATION FAILED TO START
***************************

Description:

Parameter 0 of method linkDiscoverers in org.springframework.hateoas.config.HateoasConfiguration required a single bean, but 3 were found:
	- relProviderPluginRegistry: defined by method 'relProviderPluginRegistry' in class path resource [org/springframework/hateoas/config/HateoasConfiguration.class]
	- linkDiscovererRegistry: defined in null
	- entityLinksPluginRegistry: defined by method 'entityLinksPluginRegistry' in class path resource [org/springframework/hateoas/config/WebMvcEntityLinksConfiguration.class]


Action:

Consider marking one of the beans as @Primary, updating the consumer to accept multiple beans, or using @Qualifier to identify the bean that should be consumed

2022-04-24 22:13:59|INFO ||||c.r.t.TollCalculatorApplication|Starting TollCalculatorApplication using Java 17.0.2 on Rohith with PID 5600 (C:\Users\Rohith\eclipse-workspace\toll-calculator\target\classes started by Rohith in C:\Users\Rohith\eclipse-workspace\toll-calculator)
2022-04-24 22:13:59|INFO ||||c.r.t.TollCalculatorApplication|No active profile set, falling back to 1 default profile: "default"
2022-04-24 22:13:59|INFO ||||o.s.d.r.c.RepositoryConfigurationDelegate|Bootstrapping Spring Data JPA repositories in DEFAULT mode.
2022-04-24 22:13:59|INFO ||||o.s.d.r.c.RepositoryConfigurationDelegate|Finished Spring Data repository scanning in 39 ms. Found 3 JPA repository interfaces.
2022-04-24 22:14:00|INFO ||||o.s.b.w.e.tomcat.TomcatWebServer|Tomcat initialized with port(s): 8080 (http)
2022-04-24 22:14:00|INFO ||||o.a.coyote.http11.Http11NioProtocol|Initializing ProtocolHandler ["http-nio-8080"]
2022-04-24 22:14:00|INFO ||||o.a.catalina.core.StandardService|Starting service [Tomcat]
2022-04-24 22:14:00|INFO ||||o.a.catalina.core.StandardEngine|Starting Servlet engine: [Apache Tomcat/9.0.58]
2022-04-24 22:14:00|INFO ||||o.a.c.c.C.[Tomcat].[localhost].[/]|Initializing Spring embedded WebApplicationContext
2022-04-24 22:14:00|INFO ||||o.s.b.w.s.c.ServletWebServerApplicationContext|Root WebApplicationContext: initialization completed in 1518 ms
2022-04-24 22:14:01|INFO ||||com.zaxxer.hikari.HikariDataSource|HikariPool-1 - Starting...
2022-04-24 22:14:01|INFO ||||com.zaxxer.hikari.HikariDataSource|HikariPool-1 - Start completed.
2022-04-24 22:14:01|INFO ||||o.h.jpa.internal.util.LogHelper|HHH000204: Processing PersistenceUnitInfo [name: default]
2022-04-24 22:14:01|INFO ||||org.hibernate.Version|HHH000412: Hibernate ORM core version 5.6.5.Final
2022-04-24 22:14:01|INFO ||||o.h.annotations.common.Version|HCANN000001: Hibernate Commons Annotations {5.1.2.Final}
2022-04-24 22:14:01|INFO ||||org.hibernate.dialect.Dialect|HHH000400: Using dialect: org.hibernate.dialect.MySQL5Dialect
2022-04-24 22:14:02|INFO ||||o.h.e.t.j.p.i.JtaPlatformInitiator|HHH000490: Using JtaPlatform implementation: [org.hibernate.engine.transaction.jta.platform.internal.NoJtaPlatform]
2022-04-24 22:14:02|INFO ||||o.s.o.j.LocalContainerEntityManagerFactoryBean|Initialized JPA EntityManagerFactory for persistence unit 'default'
2022-04-24 22:14:02|WARN ||||o.s.b.a.o.j.JpaBaseConfiguration$JpaWebConfiguration|spring.jpa.open-in-view is enabled by default. Therefore, database queries may be performed during view rendering. Explicitly configure spring.jpa.open-in-view to disable this warning
2022-04-24 22:14:03|WARN ||||o.s.b.w.s.c.AnnotationConfigServletWebServerApplicationContext|Exception encountered during context initialization - cancelling refresh attempt: org.springframework.beans.factory.UnsatisfiedDependencyException: Error creating bean with name 'linkDiscoverers' defined in class path resource [org/springframework/hateoas/config/HateoasConfiguration.class]: Unsatisfied dependency expressed through method 'linkDiscoverers' parameter 0; nested exception is org.springframework.beans.factory.NoUniqueBeanDefinitionException: No qualifying bean of type 'org.springframework.plugin.core.PluginRegistry<org.springframework.hateoas.client.LinkDiscoverer, org.springframework.http.MediaType>' available: expected single matching bean but found 3: relProviderPluginRegistry,linkDiscovererRegistry,entityLinksPluginRegistry
2022-04-24 22:14:03|INFO ||||o.s.o.j.LocalContainerEntityManagerFactoryBean|Closing JPA EntityManagerFactory for persistence unit 'default'
2022-04-24 22:14:03|INFO ||||com.zaxxer.hikari.HikariDataSource|HikariPool-1 - Shutdown initiated...
2022-04-24 22:14:03|INFO ||||com.zaxxer.hikari.HikariDataSource|HikariPool-1 - Shutdown completed.
2022-04-24 22:14:03|INFO ||||o.a.catalina.core.StandardService|Stopping service [Tomcat]
2022-04-24 22:14:03|INFO ||||o.s.b.a.l.ConditionEvaluationReportLoggingListener|

Error starting ApplicationContext. To display the conditions report re-run your application with 'debug' enabled.
2022-04-24 22:14:03|ERROR||||o.s.b.d.LoggingFailureAnalysisReporter|

***************************
APPLICATION FAILED TO START
***************************

Description:

Parameter 0 of method linkDiscoverers in org.springframework.hateoas.config.HateoasConfiguration required a single bean, but 3 were found:
	- relProviderPluginRegistry: defined by method 'relProviderPluginRegistry' in class path resource [org/springframework/hateoas/config/HateoasConfiguration.class]
	- linkDiscovererRegistry: defined in null
	- entityLinksPluginRegistry: defined by method 'entityLinksPluginRegistry' in class path resource [org/springframework/hateoas/config/WebMvcEntityLinksConfiguration.class]


Action:

Consider marking one of the beans as @Primary, updating the consumer to accept multiple beans, or using @Qualifier to identify the bean that should be consumed

2022-04-24 22:14:36|INFO ||||c.r.t.TollCalculatorApplication|Starting TollCalculatorApplication using Java 17.0.2 on Rohith with PID 1924 (C:\Users\Rohith\eclipse-workspace\toll-calculator\target\classes started by Rohith in C:\Users\Rohith\eclipse-workspace\toll-calculator)
2022-04-24 22:14:36|INFO ||||c.r.t.TollCalculatorApplication|No active profile set, falling back to 1 default profile: "default"
2022-04-24 22:14:36|INFO ||||o.s.d.r.c.RepositoryConfigurationDelegate|Bootstrapping Spring Data JPA repositories in DEFAULT mode.
2022-04-24 22:14:36|INFO ||||o.s.d.r.c.RepositoryConfigurationDelegate|Finished Spring Data repository scanning in 40 ms. Found 3 JPA repository interfaces.
2022-04-24 22:14:37|INFO ||||o.s.b.w.e.tomcat.TomcatWebServer|Tomcat initialized with port(s): 8080 (http)
2022-04-24 22:14:37|INFO ||||o.a.coyote.http11.Http11NioProtocol|Initializing ProtocolHandler ["http-nio-8080"]
2022-04-24 22:14:37|INFO ||||o.a.catalina.core.StandardService|Starting service [Tomcat]
2022-04-24 22:14:37|INFO ||||o.a.catalina.core.StandardEngine|Starting Servlet engine: [Apache Tomcat/9.0.58]
2022-04-24 22:14:37|INFO ||||o.a.c.c.C.[Tomcat].[localhost].[/]|Initializing Spring embedded WebApplicationContext
2022-04-24 22:14:37|INFO ||||o.s.b.w.s.c.ServletWebServerApplicationContext|Root WebApplicationContext: initialization completed in 1546 ms
2022-04-24 22:14:37|INFO ||||com.zaxxer.hikari.HikariDataSource|HikariPool-1 - Starting...
2022-04-24 22:14:38|INFO ||||com.zaxxer.hikari.HikariDataSource|HikariPool-1 - Start completed.
2022-04-24 22:14:38|INFO ||||o.h.jpa.internal.util.LogHelper|HHH000204: Processing PersistenceUnitInfo [name: default]
2022-04-24 22:14:38|INFO ||||org.hibernate.Version|HHH000412: Hibernate ORM core version 5.6.5.Final
2022-04-24 22:14:38|INFO ||||o.h.annotations.common.Version|HCANN000001: Hibernate Commons Annotations {5.1.2.Final}
2022-04-24 22:14:38|INFO ||||org.hibernate.dialect.Dialect|HHH000400: Using dialect: org.hibernate.dialect.MySQL5Dialect
2022-04-24 22:14:38|INFO ||||o.h.e.t.j.p.i.JtaPlatformInitiator|HHH000490: Using JtaPlatform implementation: [org.hibernate.engine.transaction.jta.platform.internal.NoJtaPlatform]
2022-04-24 22:14:38|INFO ||||o.s.o.j.LocalContainerEntityManagerFactoryBean|Initialized JPA EntityManagerFactory for persistence unit 'default'
2022-04-24 22:14:39|WARN ||||o.s.b.a.o.j.JpaBaseConfiguration$JpaWebConfiguration|spring.jpa.open-in-view is enabled by default. Therefore, database queries may be performed during view rendering. Explicitly configure spring.jpa.open-in-view to disable this warning
2022-04-24 22:14:39|WARN ||||o.s.b.w.s.c.AnnotationConfigServletWebServerApplicationContext|Exception encountered during context initialization - cancelling refresh attempt: org.springframework.beans.factory.UnsatisfiedDependencyException: Error creating bean with name 'linkDiscoverers' defined in class path resource [org/springframework/hateoas/config/HateoasConfiguration.class]: Unsatisfied dependency expressed through method 'linkDiscoverers' parameter 0; nested exception is org.springframework.beans.factory.NoUniqueBeanDefinitionException: No qualifying bean of type 'org.springframework.plugin.core.PluginRegistry<org.springframework.hateoas.client.LinkDiscoverer, org.springframework.http.MediaType>' available: expected single matching bean but found 3: relProviderPluginRegistry,linkDiscovererRegistry,entityLinksPluginRegistry
2022-04-24 22:14:39|INFO ||||o.s.o.j.LocalContainerEntityManagerFactoryBean|Closing JPA EntityManagerFactory for persistence unit 'default'
2022-04-24 22:14:39|INFO ||||com.zaxxer.hikari.HikariDataSource|HikariPool-1 - Shutdown initiated...
2022-04-24 22:14:39|INFO ||||com.zaxxer.hikari.HikariDataSource|HikariPool-1 - Shutdown completed.
2022-04-24 22:14:39|INFO ||||o.a.catalina.core.StandardService|Stopping service [Tomcat]
2022-04-24 22:14:39|INFO ||||o.s.b.a.l.ConditionEvaluationReportLoggingListener|

Error starting ApplicationContext. To display the conditions report re-run your application with 'debug' enabled.
2022-04-24 22:14:40|ERROR||||o.s.b.d.LoggingFailureAnalysisReporter|

***************************
APPLICATION FAILED TO START
***************************

Description:

Parameter 0 of method linkDiscoverers in org.springframework.hateoas.config.HateoasConfiguration required a single bean, but 3 were found:
	- relProviderPluginRegistry: defined by method 'relProviderPluginRegistry' in class path resource [org/springframework/hateoas/config/HateoasConfiguration.class]
	- linkDiscovererRegistry: defined in null
	- entityLinksPluginRegistry: defined by method 'entityLinksPluginRegistry' in class path resource [org/springframework/hateoas/config/WebMvcEntityLinksConfiguration.class]


Action:

Consider marking one of the beans as @Primary, updating the consumer to accept multiple beans, or using @Qualifier to identify the bean that should be consumed

2022-04-24 22:18:01|INFO ||||c.r.t.TollCalculatorApplication|Starting TollCalculatorApplication using Java 17.0.2 on Rohith with PID 9036 (C:\Users\Rohith\eclipse-workspace\toll-calculator\target\classes started by Rohith in C:\Users\Rohith\eclipse-workspace\toll-calculator)
2022-04-24 22:18:01|INFO ||||c.r.t.TollCalculatorApplication|No active profile set, falling back to 1 default profile: "default"
2022-04-24 22:18:01|INFO ||||o.s.d.r.c.RepositoryConfigurationDelegate|Bootstrapping Spring Data JPA repositories in DEFAULT mode.
2022-04-24 22:18:01|INFO ||||o.s.d.r.c.RepositoryConfigurationDelegate|Finished Spring Data repository scanning in 42 ms. Found 3 JPA repository interfaces.
2022-04-24 22:18:02|INFO ||||o.s.b.w.e.tomcat.TomcatWebServer|Tomcat initialized with port(s): 8080 (http)
2022-04-24 22:18:02|INFO ||||o.a.coyote.http11.Http11NioProtocol|Initializing ProtocolHandler ["http-nio-8080"]
2022-04-24 22:18:02|INFO ||||o.a.catalina.core.StandardService|Starting service [Tomcat]
2022-04-24 22:18:02|INFO ||||o.a.catalina.core.StandardEngine|Starting Servlet engine: [Apache Tomcat/9.0.58]
2022-04-24 22:18:02|INFO ||||o.a.c.c.C.[Tomcat].[localhost].[/]|Initializing Spring embedded WebApplicationContext
2022-04-24 22:18:02|INFO ||||o.s.b.w.s.c.ServletWebServerApplicationContext|Root WebApplicationContext: initialization completed in 1407 ms
2022-04-24 22:18:03|INFO ||||com.zaxxer.hikari.HikariDataSource|HikariPool-1 - Starting...
2022-04-24 22:18:03|INFO ||||com.zaxxer.hikari.HikariDataSource|HikariPool-1 - Start completed.
2022-04-24 22:18:03|INFO ||||o.h.jpa.internal.util.LogHelper|HHH000204: Processing PersistenceUnitInfo [name: default]
2022-04-24 22:18:03|INFO ||||org.hibernate.Version|HHH000412: Hibernate ORM core version 5.6.5.Final
2022-04-24 22:18:03|INFO ||||o.h.annotations.common.Version|HCANN000001: Hibernate Commons Annotations {5.1.2.Final}
2022-04-24 22:18:03|INFO ||||org.hibernate.dialect.Dialect|HHH000400: Using dialect: org.hibernate.dialect.MySQL5Dialect
2022-04-24 22:18:04|INFO ||||o.h.e.t.j.p.i.JtaPlatformInitiator|HHH000490: Using JtaPlatform implementation: [org.hibernate.engine.transaction.jta.platform.internal.NoJtaPlatform]
2022-04-24 22:18:04|INFO ||||o.s.o.j.LocalContainerEntityManagerFactoryBean|Initialized JPA EntityManagerFactory for persistence unit 'default'
2022-04-24 22:18:04|WARN ||||o.s.b.a.o.j.JpaBaseConfiguration$JpaWebConfiguration|spring.jpa.open-in-view is enabled by default. Therefore, database queries may be performed during view rendering. Explicitly configure spring.jpa.open-in-view to disable this warning
2022-04-24 22:18:04|INFO ||||o.s.b.a.e.web.EndpointLinksResolver|Exposing 1 endpoint(s) beneath base path '/actuator'
2022-04-24 22:18:05|INFO ||||o.a.coyote.http11.Http11NioProtocol|Starting ProtocolHandler ["http-nio-8080"]
2022-04-24 22:18:05|INFO ||||o.s.b.w.e.tomcat.TomcatWebServer|Tomcat started on port(s): 8080 (http) with context path ''
2022-04-24 22:18:05|INFO ||||c.r.t.TollCalculatorApplication|Started TollCalculatorApplication in 4.264 seconds (JVM running for 5.076)
2022-04-24 22:18:06|INFO ||||o.a.c.c.C.[Tomcat].[localhost].[/]|Initializing Spring DispatcherServlet 'dispatcherServlet'
2022-04-24 22:18:06|INFO ||||o.s.web.servlet.DispatcherServlet|Initializing Servlet 'dispatcherServlet'
2022-04-24 22:18:06|INFO ||||o.s.web.servlet.DispatcherServlet|Completed initialization in 1 ms
2022-04-24 22:18:28|INFO ||||c.r.t.s.TollSystemServiceImpl|Input recieved of vehicle type and Vehicle Number is Car and  DK-BB 04216
2022-04-24 22:18:28|DEBUG||||org.hibernate.SQL|call usp_isfreevehicle(?,?,?)
2022-04-24 22:18:28|DEBUG||||org.hibernate.SQL|call usp_gettollamount(?,?,?,?)
2022-04-24 22:18:28|DEBUG||||org.hibernate.SQL|select vehicledet0_.vehicleid as vehiclei1_1_, vehicledet0_.createdOn as createdo2_1_, vehicledet0_.modifiedOn as modified3_1_, vehicledet0_.createdby as createdb4_1_, vehicledet0_.isdeleted as isdelete5_1_, vehicledet0_.lasttransaction as lasttran6_1_, vehicledet0_.modifiedby as modified7_1_, vehicledet0_.totalcost as totalcos8_1_, vehicledet0_.vehiclenumber as vehiclen9_1_, vehicledet0_.vehicletype as vehicle10_1_ from tollvehicledetails vehicledet0_ where vehicledet0_.vehiclenumber=?
2022-04-24 22:18:28|DEBUG||||org.hibernate.SQL|insert into tollvehicledetails (createdOn, modifiedOn, createdby, isdeleted, lasttransaction, modifiedby, totalcost, vehiclenumber, vehicletype) values (?, ?, ?, ?, ?, ?, ?, ?, ?)
2022-04-24 22:18:28|INFO ||||c.r.t.s.TollSystemServiceImpl|Vehicle fees and vehicle Id is  9.008
2022-04-24 22:18:28|DEBUG||||org.hibernate.SQL|insert into vehicletransactions (createdOn, modifiedOn, cost, createdby, currentday, isdeleted, lasttransaction, modifiedby, vehicleid) values (?, ?, ?, ?, ?, ?, ?, ?, ?)
2022-04-24 22:20:23|INFO ||||o.s.b.a.SpringApplicationAdminMXBeanRegistrar$SpringApplicationAdmin|Application shutdown requested.
2022-04-24 22:20:23|INFO ||||o.s.o.j.LocalContainerEntityManagerFactoryBean|Closing JPA EntityManagerFactory for persistence unit 'default'
2022-04-24 22:20:23|INFO ||||com.zaxxer.hikari.HikariDataSource|HikariPool-1 - Shutdown initiated...
2022-04-24 22:20:23|INFO ||||com.zaxxer.hikari.HikariDataSource|HikariPool-1 - Shutdown completed.
2022-04-24 22:20:29|INFO ||||c.r.t.TollCalculatorApplication|Starting TollCalculatorApplication using Java 17.0.2 on Rohith with PID 6732 (C:\Users\Rohith\eclipse-workspace\toll-calculator\target\classes started by Rohith in C:\Users\Rohith\eclipse-workspace\toll-calculator)
2022-04-24 22:20:29|INFO ||||c.r.t.TollCalculatorApplication|No active profile set, falling back to 1 default profile: "default"
2022-04-24 22:20:30|INFO ||||o.s.d.r.c.RepositoryConfigurationDelegate|Bootstrapping Spring Data JPA repositories in DEFAULT mode.
2022-04-24 22:20:30|INFO ||||o.s.d.r.c.RepositoryConfigurationDelegate|Finished Spring Data repository scanning in 39 ms. Found 3 JPA repository interfaces.
2022-04-24 22:20:30|INFO ||||o.s.b.w.e.tomcat.TomcatWebServer|Tomcat initialized with port(s): 8080 (http)
2022-04-24 22:20:30|INFO ||||o.a.coyote.http11.Http11NioProtocol|Initializing ProtocolHandler ["http-nio-8080"]
2022-04-24 22:20:30|INFO ||||o.a.catalina.core.StandardService|Starting service [Tomcat]
2022-04-24 22:20:30|INFO ||||o.a.catalina.core.StandardEngine|Starting Servlet engine: [Apache Tomcat/9.0.58]
2022-04-24 22:20:30|INFO ||||o.a.c.c.C.[Tomcat].[localhost].[/]|Initializing Spring embedded WebApplicationContext
2022-04-24 22:20:30|INFO ||||o.s.b.w.s.c.ServletWebServerApplicationContext|Root WebApplicationContext: initialization completed in 1343 ms
2022-04-24 22:20:31|INFO ||||com.zaxxer.hikari.HikariDataSource|HikariPool-1 - Starting...
2022-04-24 22:20:31|INFO ||||com.zaxxer.hikari.HikariDataSource|HikariPool-1 - Start completed.
2022-04-24 22:20:31|INFO ||||o.h.jpa.internal.util.LogHelper|HHH000204: Processing PersistenceUnitInfo [name: default]
2022-04-24 22:20:31|INFO ||||org.hibernate.Version|HHH000412: Hibernate ORM core version 5.6.5.Final
2022-04-24 22:20:31|INFO ||||o.h.annotations.common.Version|HCANN000001: Hibernate Commons Annotations {5.1.2.Final}
2022-04-24 22:20:31|INFO ||||org.hibernate.dialect.Dialect|HHH000400: Using dialect: org.hibernate.dialect.MySQL5Dialect
2022-04-24 22:20:32|INFO ||||o.h.e.t.j.p.i.JtaPlatformInitiator|HHH000490: Using JtaPlatform implementation: [org.hibernate.engine.transaction.jta.platform.internal.NoJtaPlatform]
2022-04-24 22:20:32|INFO ||||o.s.o.j.LocalContainerEntityManagerFactoryBean|Initialized JPA EntityManagerFactory for persistence unit 'default'
2022-04-24 22:20:32|WARN ||||o.s.b.a.o.j.JpaBaseConfiguration$JpaWebConfiguration|spring.jpa.open-in-view is enabled by default. Therefore, database queries may be performed during view rendering. Explicitly configure spring.jpa.open-in-view to disable this warning
2022-04-24 22:20:33|INFO ||||o.s.b.a.e.web.EndpointLinksResolver|Exposing 1 endpoint(s) beneath base path '/actuator'
2022-04-24 22:20:33|INFO ||||o.a.coyote.http11.Http11NioProtocol|Starting ProtocolHandler ["http-nio-8080"]
2022-04-24 22:20:33|INFO ||||o.s.b.w.e.tomcat.TomcatWebServer|Tomcat started on port(s): 8080 (http) with context path ''
2022-04-24 22:20:33|INFO ||||c.r.t.TollCalculatorApplication|Started TollCalculatorApplication in 3.972 seconds (JVM running for 4.82)
2022-04-24 22:20:34|INFO ||||o.a.c.c.C.[Tomcat].[localhost].[/]|Initializing Spring DispatcherServlet 'dispatcherServlet'
2022-04-24 22:20:34|INFO ||||o.s.web.servlet.DispatcherServlet|Initializing Servlet 'dispatcherServlet'
2022-04-24 22:20:34|INFO ||||o.s.web.servlet.DispatcherServlet|Completed initialization in 2 ms
2022-04-24 22:20:45|INFO ||||c.r.t.s.TollSystemServiceImpl|Input recieved of vehicle type and Vehicle Number is Car and  DK-BB 04216
2022-04-24 22:20:45|DEBUG||||org.hibernate.SQL|call usp_isfreevehicle(?,?,?)
2022-04-24 22:20:45|DEBUG||||org.hibernate.SQL|call usp_gettollamount(?,?,?,?)
2022-04-24 22:20:45|DEBUG||||org.hibernate.SQL|select vehicledet0_.vehicleid as vehiclei1_1_, vehicledet0_.createdOn as createdo2_1_, vehicledet0_.modifiedOn as modified3_1_, vehicledet0_.createdby as createdb4_1_, vehicledet0_.isdeleted as isdelete5_1_, vehicledet0_.lasttransaction as lasttran6_1_, vehicledet0_.modifiedby as modified7_1_, vehicledet0_.totalcost as totalcos8_1_, vehicledet0_.vehiclenumber as vehiclen9_1_, vehicledet0_.vehicletype as vehicle10_1_ from tollvehicledetails vehicledet0_ where vehicledet0_.vehiclenumber=?
2022-04-24 22:20:45|DEBUG||||org.hibernate.SQL|update tollvehicledetails set createdOn=?, modifiedOn=?, createdby=?, isdeleted=?, lasttransaction=?, modifiedby=?, totalcost=?, vehiclenumber=?, vehicletype=? where vehicleid=?
2022-04-24 22:20:45|INFO ||||c.r.t.s.TollSystemServiceImpl|Vehicle fees and vehicle Id is  9.008
2022-04-24 22:20:45|DEBUG||||org.hibernate.SQL|select vehicletra0_.vehicletransactionsid as vehiclet1_2_0_, vehicletra0_.createdOn as createdo2_2_0_, vehicletra0_.modifiedOn as modified3_2_0_, vehicletra0_.cost as cost4_2_0_, vehicletra0_.createdby as createdb5_2_0_, vehicletra0_.currentday as currentd6_2_0_, vehicletra0_.isdeleted as isdelete7_2_0_, vehicletra0_.lasttransaction as lasttran8_2_0_, vehicletra0_.modifiedby as modified9_2_0_, vehicletra0_.vehicleid as vehicle10_2_0_ from vehicletransactions vehicletra0_ where vehicletra0_.vehicletransactionsid=?
2022-04-24 22:20:45|DEBUG||||org.hibernate.SQL|update vehicletransactions set createdOn=?, modifiedOn=?, cost=?, createdby=?, currentday=?, isdeleted=?, lasttransaction=?, modifiedby=?, vehicleid=? where vehicletransactionsid=?
